
*** Running vivado
    with args -log vending_machine.vdi -applog -m64 -product Vivado -messageDb vivado.pb -mode batch -source vending_machine.tcl -notrace


****** Vivado v2017.4 (64-bit)
  **** SW Build 2086221 on Fri Dec 15 20:55:39 MST 2017
  **** IP Build 2085800 on Fri Dec 15 22:25:07 MST 2017
    ** Copyright 1986-2017 Xilinx, Inc. All Rights Reserved.

source vending_machine.tcl -notrace
Command: link_design -top vending_machine -part xc7a35tcpg236-1
Design is defaulting to srcset: sources_1
Design is defaulting to constrset: constrs_1
INFO: [Netlist 29-17] Analyzing 137 Unisim elements for replacement
INFO: [Netlist 29-28] Unisim Transformation completed in 0 CPU seconds
INFO: [Project 1-479] Netlist was created with Vivado 2017.4
INFO: [Device 21-403] Loading part xc7a35tcpg236-1
INFO: [Project 1-570] Preparing netlist for logic optimization
Parsing XDC File [C:/Users/campa/gitbash/basys3/vending_machine/vending_machine.srcs/constrs_1/imports/vending_machine/vending_machine.xdc]
Finished Parsing XDC File [C:/Users/campa/gitbash/basys3/vending_machine/vending_machine.srcs/constrs_1/imports/vending_machine/vending_machine.xdc]
INFO: [Opt 31-138] Pushed 0 inverter(s) to 0 load pin(s).
INFO: [Project 1-111] Unisim Transformation Summary:
No Unisim elements were transformed.

7 Infos, 0 Warnings, 0 Critical Warnings and 0 Errors encountered.
link_design completed successfully
link_design: Time (s): cpu = 00:00:13 ; elapsed = 00:00:14 . Memory (MB): peak = 611.523 ; gain = 314.715
Command: opt_design
Attempting to get a license for feature 'Implementation' and/or device 'xc7a35t'
INFO: [Common 17-349] Got license for feature 'Implementation' and/or device 'xc7a35t'
Running DRC as a precondition to command opt_design

Starting DRC Task
INFO: [DRC 23-27] Running DRC with 2 threads
WARNING: [DRC RPBF-3] IO port buffering is incomplete: Device port JA[0] expects both input and output buffering but the buffers are incomplete.
WARNING: [DRC RPBF-3] IO port buffering is incomplete: Device port JA[1] expects both input and output buffering but the buffers are incomplete.
WARNING: [DRC RPBF-3] IO port buffering is incomplete: Device port JA[2] expects both input and output buffering but the buffers are incomplete.
WARNING: [DRC RPBF-3] IO port buffering is incomplete: Device port JA[3] expects both input and output buffering but the buffers are incomplete.
WARNING: [DRC RPBF-3] IO port buffering is incomplete: Device port JA[4] expects both input and output buffering but the buffers are incomplete.
WARNING: [DRC RPBF-3] IO port buffering is incomplete: Device port JA[5] expects both input and output buffering but the buffers are incomplete.
WARNING: [DRC RPBF-3] IO port buffering is incomplete: Device port JA[6] expects both input and output buffering but the buffers are incomplete.
WARNING: [DRC RPBF-3] IO port buffering is incomplete: Device port JA[7] expects both input and output buffering but the buffers are incomplete.
INFO: [Project 1-461] DRC finished with 0 Errors, 8 Warnings
INFO: [Project 1-462] Please refer to the DRC report (report_drc) for more information.

Time (s): cpu = 00:00:01 ; elapsed = 00:00:00.991 . Memory (MB): peak = 625.809 ; gain = 14.285
INFO: [Timing 38-35] Done setting XDC timing constraints.

Starting Logic Optimization Task

Phase 1 Retarget
INFO: [Opt 31-138] Pushed 0 inverter(s) to 0 load pin(s).
INFO: [Opt 31-49] Retargeted 0 cell(s).
Phase 1 Retarget | Checksum: 155ba14cb

Time (s): cpu = 00:00:01 ; elapsed = 00:00:00.108 . Memory (MB): peak = 1179.813 ; gain = 0.000
INFO: [Opt 31-389] Phase Retarget created 1 cells and removed 1 cells

Phase 2 Constant propagation
INFO: [Opt 31-138] Pushed 0 inverter(s) to 0 load pin(s).
Phase 2 Constant propagation | Checksum: 1e80f7768

Time (s): cpu = 00:00:01 ; elapsed = 00:00:00.153 . Memory (MB): peak = 1179.813 ; gain = 0.000
INFO: [Opt 31-389] Phase Constant propagation created 0 cells and removed 0 cells

Phase 3 Sweep
Phase 3 Sweep | Checksum: 13dc77406

Time (s): cpu = 00:00:01 ; elapsed = 00:00:00.215 . Memory (MB): peak = 1179.813 ; gain = 0.000
INFO: [Opt 31-389] Phase Sweep created 5 cells and removed 0 cells

Phase 4 BUFG optimization
Phase 4 BUFG optimization | Checksum: 13dc77406

Time (s): cpu = 00:00:01 ; elapsed = 00:00:00.257 . Memory (MB): peak = 1179.813 ; gain = 0.000
INFO: [Opt 31-389] Phase BUFG optimization created 0 cells and removed 0 cells

Phase 5 Shift Register Optimization
Phase 5 Shift Register Optimization | Checksum: 13dc77406

Time (s): cpu = 00:00:01 ; elapsed = 00:00:00.280 . Memory (MB): peak = 1179.813 ; gain = 0.000
INFO: [Opt 31-389] Phase Shift Register Optimization created 0 cells and removed 0 cells

Starting Connectivity Check Task

Time (s): cpu = 00:00:00 ; elapsed = 00:00:00.005 . Memory (MB): peak = 1179.813 ; gain = 0.000
Ending Logic Optimization Task | Checksum: 1b4ab32a9

Time (s): cpu = 00:00:01 ; elapsed = 00:00:00.303 . Memory (MB): peak = 1179.813 ; gain = 0.000

Starting Power Optimization Task
INFO: [Pwropt 34-132] Skipping clock gating for clocks with a period < 2.00 ns.
Ending Power Optimization Task | Checksum: 1a17b02f5

Time (s): cpu = 00:00:00 ; elapsed = 00:00:00.012 . Memory (MB): peak = 1179.813 ; gain = 0.000
INFO: [Common 17-83] Releasing license: Implementation
22 Infos, 8 Warnings, 0 Critical Warnings and 0 Errors encountered.
opt_design completed successfully
opt_design: Time (s): cpu = 00:00:20 ; elapsed = 00:00:20 . Memory (MB): peak = 1179.813 ; gain = 568.289
Writing placer database...
Writing XDEF routing.
Writing XDEF routing logical nets.
Writing XDEF routing special nets.
Write XDEF Complete: Time (s): cpu = 00:00:00 ; elapsed = 00:00:00.111 . Memory (MB): peak = 1179.813 ; gain = 0.000
INFO: [Common 17-1381] The checkpoint 'C:/Users/campa/gitbash/basys3/vending_machine/vending_machine.runs/impl_1/vending_machine_opt.dcp' has been generated.
INFO: [runtcl-4] Executing : report_drc -file vending_machine_drc_opted.rpt -pb vending_machine_drc_opted.pb -rpx vending_machine_drc_opted.rpx
Command: report_drc -file vending_machine_drc_opted.rpt -pb vending_machine_drc_opted.pb -rpx vending_machine_drc_opted.rpx
INFO: [IP_Flow 19-234] Refreshing IP repositories
INFO: [IP_Flow 19-1704] No user IP repositories specified
INFO: [IP_Flow 19-2313] Loaded Vivado IP repository 'G:/Xilinx/Vivado/2017.4/data/ip'.
INFO: [DRC 23-27] Running DRC with 2 threads
INFO: [Coretcl 2-168] The results of DRC are in file C:/Users/campa/gitbash/basys3/vending_machine/vending_machine.runs/impl_1/vending_machine_drc_opted.rpt.
report_drc completed successfully
INFO: [Chipscope 16-241] No debug cores found in the current design.
Before running the implement_debug_core command, either use the Set Up Debug wizard (GUI mode)
or use the create_debug_core and connect_debug_core Tcl commands to insert debug cores into the design.
Command: place_design
Attempting to get a license for feature 'Implementation' and/or device 'xc7a35t'
INFO: [Common 17-349] Got license for feature 'Implementation' and/or device 'xc7a35t'
INFO: [DRC 23-27] Running DRC with 2 threads
INFO: [Vivado_Tcl 4-198] DRC finished with 0 Errors
INFO: [Vivado_Tcl 4-199] Please refer to the DRC report (report_drc) for more information.
Running DRC as a precondition to command place_design
INFO: [DRC 23-27] Running DRC with 2 threads
WARNING: [DRC RPBF-3] IO port buffering is incomplete: Device port JA[0] expects both input and output buffering but the buffers are incomplete.
WARNING: [DRC RPBF-3] IO port buffering is incomplete: Device port JA[1] expects both input and output buffering but the buffers are incomplete.
WARNING: [DRC RPBF-3] IO port buffering is incomplete: Device port JA[2] expects both input and output buffering but the buffers are incomplete.
WARNING: [DRC RPBF-3] IO port buffering is incomplete: Device port JA[3] expects both input and output buffering but the buffers are incomplete.
WARNING: [DRC RPBF-3] IO port buffering is incomplete: Device port JA[4] expects both input and output buffering but the buffers are incomplete.
WARNING: [DRC RPBF-3] IO port buffering is incomplete: Device port JA[5] expects both input and output buffering but the buffers are incomplete.
WARNING: [DRC RPBF-3] IO port buffering is incomplete: Device port JA[6] expects both input and output buffering but the buffers are incomplete.
WARNING: [DRC RPBF-3] IO port buffering is incomplete: Device port JA[7] expects both input and output buffering but the buffers are incomplete.
INFO: [Vivado_Tcl 4-198] DRC finished with 0 Errors, 8 Warnings
INFO: [Vivado_Tcl 4-199] Please refer to the DRC report (report_drc) for more information.

Starting Placer Task
INFO: [Place 30-611] Multithreading enabled for place_design using a maximum of 2 CPUs

Phase 1 Placer Initialization

Phase 1.1 Placer Initialization Netlist Sorting
Netlist sorting complete. Time (s): cpu = 00:00:00 ; elapsed = 00:00:00.001 . Memory (MB): peak = 1179.813 ; gain = 0.000
Phase 1.1 Placer Initialization Netlist Sorting | Checksum: f3d65686

Time (s): cpu = 00:00:00 ; elapsed = 00:00:00.007 . Memory (MB): peak = 1179.813 ; gain = 0.000
INFO: [Timing 38-35] Done setting XDC timing constraints.
INFO: [Opt 31-138] Pushed 0 inverter(s) to 0 load pin(s).
Netlist sorting complete. Time (s): cpu = 00:00:00 ; elapsed = 00:00:00.001 . Memory (MB): peak = 1179.813 ; gain = 0.000

Phase 1.2 IO Placement/ Clock Placement/ Build Placer Device
INFO: [Timing 38-35] Done setting XDC timing constraints.
Phase 1.2 IO Placement/ Clock Placement/ Build Placer Device | Checksum: 76220ae9

Time (s): cpu = 00:00:03 ; elapsed = 00:00:02 . Memory (MB): peak = 1179.813 ; gain = 0.000

Phase 1.3 Build Placer Netlist Model
Phase 1.3 Build Placer Netlist Model | Checksum: 88a9a4a4

Time (s): cpu = 00:00:03 ; elapsed = 00:00:02 . Memory (MB): peak = 1179.813 ; gain = 0.000

Phase 1.4 Constrain Clocks/Macros
Phase 1.4 Constrain Clocks/Macros | Checksum: 88a9a4a4

Time (s): cpu = 00:00:03 ; elapsed = 00:00:02 . Memory (MB): peak = 1179.813 ; gain = 0.000
Phase 1 Placer Initialization | Checksum: 88a9a4a4

Time (s): cpu = 00:00:03 ; elapsed = 00:00:02 . Memory (MB): peak = 1179.813 ; gain = 0.000

Phase 2 Global Placement
Phase 2 Global Placement | Checksum: 136dada50

Time (s): cpu = 00:00:06 ; elapsed = 00:00:04 . Memory (MB): peak = 1179.813 ; gain = 0.000

Phase 3 Detail Placement

Phase 3.1 Commit Multi Column Macros
Phase 3.1 Commit Multi Column Macros | Checksum: 136dada50

Time (s): cpu = 00:00:06 ; elapsed = 00:00:04 . Memory (MB): peak = 1179.813 ; gain = 0.000

Phase 3.2 Commit Most Macros & LUTRAMs
Phase 3.2 Commit Most Macros & LUTRAMs | Checksum: 135265046

Time (s): cpu = 00:00:07 ; elapsed = 00:00:05 . Memory (MB): peak = 1179.813 ; gain = 0.000

Phase 3.3 Area Swap Optimization
Phase 3.3 Area Swap Optimization | Checksum: 139fc610f

Time (s): cpu = 00:00:07 ; elapsed = 00:00:05 . Memory (MB): peak = 1179.813 ; gain = 0.000

Phase 3.4 Pipeline Register Optimization
Phase 3.4 Pipeline Register Optimization | Checksum: 139fc610f

Time (s): cpu = 00:00:07 ; elapsed = 00:00:05 . Memory (MB): peak = 1179.813 ; gain = 0.000

Phase 3.5 Small Shape Detail Placement
Phase 3.5 Small Shape Detail Placement | Checksum: e3493eb3

Time (s): cpu = 00:00:07 ; elapsed = 00:00:05 . Memory (MB): peak = 1179.813 ; gain = 0.000

Phase 3.6 Re-assign LUT pins
Phase 3.6 Re-assign LUT pins | Checksum: cac18729

Time (s): cpu = 00:00:07 ; elapsed = 00:00:05 . Memory (MB): peak = 1179.813 ; gain = 0.000

Phase 3.7 Pipeline Register Optimization
Phase 3.7 Pipeline Register Optimization | Checksum: cac18729

Time (s): cpu = 00:00:07 ; elapsed = 00:00:05 . Memory (MB): peak = 1179.813 ; gain = 0.000
Phase 3 Detail Placement | Checksum: cac18729

Time (s): cpu = 00:00:07 ; elapsed = 00:00:05 . Memory (MB): peak = 1179.813 ; gain = 0.000

Phase 4 Post Placement Optimization and Clean-Up

Phase 4.1 Post Commit Optimization
INFO: [Timing 38-35] Done setting XDC timing constraints.

Phase 4.1.1 Post Placement Optimization
Post Placement Optimization Initialization | Checksum: 163400b03

Phase 4.1.1.1 BUFG Insertion
INFO: [Physopt 32-721] Multithreading enabled for phys_opt_design using a maximum of 2 CPUs
INFO: [Place 46-31] BUFG insertion identified 0 candidate nets, 0 success, 0 skipped for placement/routing, 0 skipped for timing, 0 skipped for netlist change reason.
Phase 4.1.1.1 BUFG Insertion | Checksum: 163400b03

Time (s): cpu = 00:00:08 ; elapsed = 00:00:06 . Memory (MB): peak = 1191.199 ; gain = 11.387
INFO: [Place 30-746] Post Placement Timing Summary WNS=3.596. For the most accurate timing information please run report_timing.
Phase 4.1.1 Post Placement Optimization | Checksum: 1c6d53f84

Time (s): cpu = 00:00:08 ; elapsed = 00:00:06 . Memory (MB): peak = 1191.199 ; gain = 11.387
Phase 4.1 Post Commit Optimization | Checksum: 1c6d53f84

Time (s): cpu = 00:00:08 ; elapsed = 00:00:06 . Memory (MB): peak = 1191.199 ; gain = 11.387

Phase 4.2 Post Placement Cleanup
Phase 4.2 Post Placement Cleanup | Checksum: 1c6d53f84

Time (s): cpu = 00:00:08 ; elapsed = 00:00:06 . Memory (MB): peak = 1191.199 ; gain = 11.387

Phase 4.3 Placer Reporting
Phase 4.3 Placer Reporting | Checksum: 1c6d53f84

Time (s): cpu = 00:00:08 ; elapsed = 00:00:06 . Memory (MB): peak = 1191.199 ; gain = 11.387

Phase 4.4 Final Placement Cleanup
Phase 4.4 Final Placement Cleanup | Checksum: 137885342

Time (s): cpu = 00:00:08 ; elapsed = 00:00:06 . Memory (MB): peak = 1191.199 ; gain = 11.387
Phase 4 Post Placement Optimization and Clean-Up | Checksum: 137885342

Time (s): cpu = 00:00:08 ; elapsed = 00:00:06 . Memory (MB): peak = 1191.199 ; gain = 11.387
Ending Placer Task | Checksum: 775ad8d8

Time (s): cpu = 00:00:08 ; elapsed = 00:00:06 . Memory (MB): peak = 1191.199 ; gain = 11.387
INFO: [Common 17-83] Releasing license: Implementation
46 Infos, 16 Warnings, 0 Critical Warnings and 0 Errors encountered.
place_design completed successfully
place_design: Time (s): cpu = 00:00:11 ; elapsed = 00:00:07 . Memory (MB): peak = 1191.199 ; gain = 11.387
Writing placer database...
Writing XDEF routing.
Writing XDEF routing logical nets.
Writing XDEF routing special nets.
Write XDEF Complete: Time (s): cpu = 00:00:01 ; elapsed = 00:00:00.287 . Memory (MB): peak = 1191.512 ; gain = 0.313
INFO: [Common 17-1381] The checkpoint 'C:/Users/campa/gitbash/basys3/vending_machine/vending_machine.runs/impl_1/vending_machine_placed.dcp' has been generated.
INFO: [runtcl-4] Executing : report_io -file vending_machine_io_placed.rpt
report_io: Time (s): cpu = 00:00:00 ; elapsed = 00:00:00.108 . Memory (MB): peak = 1193.020 ; gain = 1.508
INFO: [runtcl-4] Executing : report_utilization -file vending_machine_utilization_placed.rpt -pb vending_machine_utilization_placed.pb
report_utilization: Time (s): cpu = 00:00:00 ; elapsed = 00:00:00.059 . Memory (MB): peak = 1193.020 ; gain = 0.000
INFO: [runtcl-4] Executing : report_control_sets -verbose -file vending_machine_control_sets_placed.rpt
report_control_sets: Time (s): cpu = 00:00:00 ; elapsed = 00:00:00.008 . Memory (MB): peak = 1193.020 ; gain = 0.000
Command: route_design
Attempting to get a license for feature 'Implementation' and/or device 'xc7a35t'
INFO: [Common 17-349] Got license for feature 'Implementation' and/or device 'xc7a35t'
Running DRC as a precondition to command route_design
INFO: [DRC 23-27] Running DRC with 2 threads
INFO: [Vivado_Tcl 4-198] DRC finished with 0 Errors
INFO: [Vivado_Tcl 4-199] Please refer to the DRC report (report_drc) for more information.


Starting Routing Task
INFO: [Route 35-254] Multithreading enabled for route_design using a maximum of 2 CPUs
Checksum: PlaceDB: 29bfde15 ConstDB: 0 ShapeSum: 4d9afac3 RouteDB: 0

Phase 1 Build RT Design
Phase 1 Build RT Design | Checksum: 1403937f2

Time (s): cpu = 00:00:39 ; elapsed = 00:00:36 . Memory (MB): peak = 1318.449 ; gain = 123.449
Post Restoration Checksum: NetGraph: 8f2e2147 NumContArr: b10b16ab Constraints: 0 Timing: 0

Phase 2 Router Initialization

Phase 2.1 Create Timer
Phase 2.1 Create Timer | Checksum: 1403937f2

Time (s): cpu = 00:00:39 ; elapsed = 00:00:36 . Memory (MB): peak = 1318.449 ; gain = 123.449

Phase 2.2 Fix Topology Constraints
Phase 2.2 Fix Topology Constraints | Checksum: 1403937f2

Time (s): cpu = 00:00:39 ; elapsed = 00:00:36 . Memory (MB): peak = 1318.449 ; gain = 123.449

Phase 2.3 Pre Route Cleanup
Phase 2.3 Pre Route Cleanup | Checksum: 1403937f2

Time (s): cpu = 00:00:39 ; elapsed = 00:00:36 . Memory (MB): peak = 1318.449 ; gain = 123.449
 Number of Nodes with overlaps = 0

Phase 2.4 Update Timing
Phase 2.4 Update Timing | Checksum: 1c28263ee

Time (s): cpu = 00:00:40 ; elapsed = 00:00:37 . Memory (MB): peak = 1318.449 ; gain = 123.449
INFO: [Route 35-416] Intermediate Timing Summary | WNS=3.693  | TNS=0.000  | WHS=-0.082 | THS=-2.659 |

Phase 2 Router Initialization | Checksum: 141319d35

Time (s): cpu = 00:00:40 ; elapsed = 00:00:37 . Memory (MB): peak = 1318.449 ; gain = 123.449

Phase 3 Initial Routing
Phase 3 Initial Routing | Checksum: 13cca9db6

Time (s): cpu = 00:00:41 ; elapsed = 00:00:37 . Memory (MB): peak = 1318.449 ; gain = 123.449

Phase 4 Rip-up And Reroute

Phase 4.1 Global Iteration 0
 Number of Nodes with overlaps = 71
 Number of Nodes with overlaps = 1
 Number of Nodes with overlaps = 0
INFO: [Route 35-416] Intermediate Timing Summary | WNS=3.011  | TNS=0.000  | WHS=N/A    | THS=N/A    |

Phase 4.1 Global Iteration 0 | Checksum: 1c3a75f6a

Time (s): cpu = 00:00:42 ; elapsed = 00:00:37 . Memory (MB): peak = 1318.449 ; gain = 123.449
Phase 4 Rip-up And Reroute | Checksum: 1c3a75f6a

Time (s): cpu = 00:00:42 ; elapsed = 00:00:37 . Memory (MB): peak = 1318.449 ; gain = 123.449

Phase 5 Delay and Skew Optimization

Phase 5.1 Delay CleanUp
Phase 5.1 Delay CleanUp | Checksum: 1c3a75f6a

Time (s): cpu = 00:00:42 ; elapsed = 00:00:37 . Memory (MB): peak = 1318.449 ; gain = 123.449

Phase 5.2 Clock Skew Optimization
Phase 5.2 Clock Skew Optimization | Checksum: 1c3a75f6a

Time (s): cpu = 00:00:42 ; elapsed = 00:00:37 . Memory (MB): peak = 1318.449 ; gain = 123.449
Phase 5 Delay and Skew Optimization | Checksum: 1c3a75f6a

Time (s): cpu = 00:00:42 ; elapsed = 00:00:38 . Memory (MB): peak = 1318.449 ; gain = 123.449

Phase 6 Post Hold Fix

Phase 6.1 Hold Fix Iter

Phase 6.1.1 Update Timing
Phase 6.1.1 Update Timing | Checksum: 14afe15a1

Time (s): cpu = 00:00:42 ; elapsed = 00:00:38 . Memory (MB): peak = 1318.449 ; gain = 123.449
INFO: [Route 35-416] Intermediate Timing Summary | WNS=3.090  | TNS=0.000  | WHS=0.151  | THS=0.000  |

Phase 6.1 Hold Fix Iter | Checksum: 14afe15a1

Time (s): cpu = 00:00:42 ; elapsed = 00:00:38 . Memory (MB): peak = 1318.449 ; gain = 123.449
Phase 6 Post Hold Fix | Checksum: 14afe15a1

Time (s): cpu = 00:00:42 ; elapsed = 00:00:38 . Memory (MB): peak = 1318.449 ; gain = 123.449

Phase 7 Route finalize

Router Utilization Summary
  Global Vertical Routing Utilization    = 0.227856 %
  Global Horizontal Routing Utilization  = 0.234513 %
  Routable Net Status*
  *Does not include unroutable nets such as driverless and loadless.
  Run report_route_status for detailed report.
  Number of Failed Nets               = 0
  Number of Unrouted Nets             = 0
  Number of Partially Routed Nets     = 0
  Number of Node Overlaps             = 0

Phase 7 Route finalize | Checksum: 1cc633964

Time (s): cpu = 00:00:42 ; elapsed = 00:00:38 . Memory (MB): peak = 1318.449 ; gain = 123.449

Phase 8 Verifying routed nets

 Verification completed successfully
Phase 8 Verifying routed nets | Checksum: 1cc633964

Time (s): cpu = 00:00:42 ; elapsed = 00:00:38 . Memory (MB): peak = 1318.449 ; gain = 123.449

Phase 9 Depositing Routes
Phase 9 Depositing Routes | Checksum: 1ad9c64c8

Time (s): cpu = 00:00:42 ; elapsed = 00:00:38 . Memory (MB): peak = 1318.449 ; gain = 123.449

Phase 10 Post Router Timing
INFO: [Route 35-57] Estimated Timing Summary | WNS=3.090  | TNS=0.000  | WHS=0.151  | THS=0.000  |

INFO: [Route 35-327] The final timing numbers are based on the router estimated timing analysis. For a complete and accurate timing signoff, please run report_timing_summary.
Phase 10 Post Router Timing | Checksum: 1ad9c64c8

Time (s): cpu = 00:00:42 ; elapsed = 00:00:38 . Memory (MB): peak = 1318.449 ; gain = 123.449
INFO: [Route 35-16] Router Completed Successfully

Time (s): cpu = 00:00:42 ; elapsed = 00:00:38 . Memory (MB): peak = 1318.449 ; gain = 123.449

Routing Is Done.
INFO: [Common 17-83] Releasing license: Implementation
62 Infos, 16 Warnings, 0 Critical Warnings and 0 Errors encountered.
route_design completed successfully
route_design: Time (s): cpu = 00:00:46 ; elapsed = 00:00:40 . Memory (MB): peak = 1318.449 ; gain = 125.430
Writing placer database...
Writing XDEF routing.
Writing XDEF routing logical nets.
Writing XDEF routing special nets.
Write XDEF Complete: Time (s): cpu = 00:00:01 ; elapsed = 00:00:00.293 . Memory (MB): peak = 1318.449 ; gain = 0.000
INFO: [Common 17-1381] The checkpoint 'C:/Users/campa/gitbash/basys3/vending_machine/vending_machine.runs/impl_1/vending_machine_routed.dcp' has been generated.
INFO: [runtcl-4] Executing : report_drc -file vending_machine_drc_routed.rpt -pb vending_machine_drc_routed.pb -rpx vending_machine_drc_routed.rpx
Command: report_drc -file vending_machine_drc_routed.rpt -pb vending_machine_drc_routed.pb -rpx vending_machine_drc_routed.rpx
INFO: [IP_Flow 19-1839] IP Catalog is up to date.
INFO: [DRC 23-27] Running DRC with 2 threads
INFO: [Coretcl 2-168] The results of DRC are in file C:/Users/campa/gitbash/basys3/vending_machine/vending_machine.runs/impl_1/vending_machine_drc_routed.rpt.
report_drc completed successfully
INFO: [runtcl-4] Executing : report_methodology -file vending_machine_methodology_drc_routed.rpt -pb vending_machine_methodology_drc_routed.pb -rpx vending_machine_methodology_drc_routed.rpx
Command: report_methodology -file vending_machine_methodology_drc_routed.rpt -pb vending_machine_methodology_drc_routed.pb -rpx vending_machine_methodology_drc_routed.rpx
INFO: [Timing 38-35] Done setting XDC timing constraints.
INFO: [Timing 38-35] Done setting XDC timing constraints.
INFO: [DRC 23-133] Running Methodology with 2 threads
INFO: [Coretcl 2-1520] The results of Report Methodology are in file C:/Users/campa/gitbash/basys3/vending_machine/vending_machine.runs/impl_1/vending_machine_methodology_drc_routed.rpt.
report_methodology completed successfully
INFO: [runtcl-4] Executing : report_power -file vending_machine_power_routed.rpt -pb vending_machine_power_summary_routed.pb -rpx vending_machine_power_routed.rpx
Command: report_power -file vending_machine_power_routed.rpt -pb vending_machine_power_summary_routed.pb -rpx vending_machine_power_routed.rpx
INFO: [Timing 38-35] Done setting XDC timing constraints.
Running Vector-less Activity Propagation...

Finished Running Vector-less Activity Propagation
74 Infos, 16 Warnings, 0 Critical Warnings and 0 Errors encountered.
report_power completed successfully
INFO: [runtcl-4] Executing : report_route_status -file vending_machine_route_status.rpt -pb vending_machine_route_status.pb
INFO: [runtcl-4] Executing : report_timing_summary -max_paths 10 -file vending_machine_timing_summary_routed.rpt -rpx vending_machine_timing_summary_routed.rpx -warn_on_violation 
INFO: [Timing 38-91] UpdateTimingParams: Speed grade: -1, Delay Type: min_max.
INFO: [Timing 38-191] Multithreading enabled for timing update using a maximum of 2 CPUs
INFO: [runtcl-4] Executing : report_incremental_reuse -file vending_machine_incremental_reuse_routed.rpt
INFO: [Vivado_Tcl 4-545] No incremental reuse to report, no incremental placement and routing data was found.
INFO: [runtcl-4] Executing : report_clock_utilization -file vending_machine_clock_utilization_routed.rpt
Command: write_bitstream -force vending_machine.bit
Attempting to get a license for feature 'Implementation' and/or device 'xc7a35t'
INFO: [Common 17-349] Got license for feature 'Implementation' and/or device 'xc7a35t'
Running DRC as a precondition to command write_bitstream
INFO: [IP_Flow 19-1839] IP Catalog is up to date.
INFO: [DRC 23-27] Running DRC with 2 threads
INFO: [Vivado 12-3199] DRC finished with 0 Errors
INFO: [Vivado 12-3200] Please refer to the DRC report (report_drc) for more information.
INFO: [Project 1-821] Please set project.enableDesignId to be 'true'.
INFO: [Designutils 20-2272] Running write_bitstream with 2 threads.
Loading data files...
Loading site data...
Loading route data...
Processing options...
Creating bitmap...
Creating bitstream...
Writing bitstream ./vending_machine.bit...
INFO: [Vivado 12-1842] Bitgen Completed Successfully.
INFO: [Project 1-120] WebTalk data collection is mandatory when using a WebPACK part without a full Vivado license. To see the specific WebTalk data collected for your design, open the usage_statistics_webtalk.html or usage_statistics_webtalk.xml file in the implementation directory.
INFO: [Common 17-186] 'C:/Users/campa/gitbash/basys3/vending_machine/vending_machine.runs/impl_1/usage_statistics_webtalk.xml' has been successfully sent to Xilinx on Mon Jul 30 18:31:33 2018. For additional details about this file, please refer to the WebTalk help file at G:/Xilinx/Vivado/2017.4/doc/webtalk_introduction.html.
INFO: [Common 17-83] Releasing license: Implementation
92 Infos, 16 Warnings, 0 Critical Warnings and 0 Errors encountered.
write_bitstream completed successfully
write_bitstream: Time (s): cpu = 00:00:25 ; elapsed = 00:00:25 . Memory (MB): peak = 1740.598 ; gain = 401.836
INFO: [Common 17-206] Exiting Vivado at Mon Jul 30 18:31:33 2018...
